# JRE version: OpenJDK Runtime Environment (7.0_65-b32) (build 1.7.0_65-b32)
# Java VM: OpenJDK 64-Bit Server VM (24.65-b04 mixed mode linux-amd64 compressed oops)
Heap
 PSYoungGen      total 58880K, used 10488K [0x00000000eaa80000, 0x00000000eef80000, 0x0000000100000000)
  eden space 47616K, 0% used [0x00000000eaa80000,0x00000000eaa80000,0x00000000ed900000)
  from space 11264K, 93% used [0x00000000ed900000,0x00000000ee33e140,0x00000000ee400000)
  to   space 10752K, 0% used [0x00000000ee400000,0x00000000ee400000,0x00000000eee80000)
 ParOldGen       total 61952K, used 22824K [0x00000000c0000000, 0x00000000c3c80000, 0x00000000eaa80000)
  object space 61952K, 36% used [0x00000000c0000000,0x00000000c164a1e0,0x00000000c3c80000)
 PSPermGen       total 21504K, used 7317K [0x00000000b5a00000, 0x00000000b6f00000, 0x00000000c0000000)
  object space 21504K, 34% used [0x00000000b5a00000,0x00000000b6125400,0x00000000b6f00000)
GC Heap History (10 events):
Event: 1.611 GC heap after
Heap after GC invocations=2 (full 0):
 PSYoungGen      total 27648K, used 3553K [0x00000000eaa80000, 0x00000000ec900000, 0x0000000100000000)
  eden space 24064K, 0% used [0x00000000eaa80000,0x00000000eaa80000,0x00000000ec200000)
  from space 3584K, 99% used [0x00000000ec580000,0x00000000ec8f8670,0x00000000ec900000)
  to   space 3584K, 0% used [0x00000000ec200000,0x00000000ec200000,0x00000000ec580000)
 ParOldGen       total 61952K, used 5918K [0x00000000c0000000, 0x00000000c3c80000, 0x00000000eaa80000)
  object space 61952K, 9% used [0x00000000c0000000,0x00000000c05c7998,0x00000000c3c80000)
 PSPermGen       total 21504K, used 5936K [0x00000000b5a00000, 0x00000000b6f00000, 0x00000000c0000000)
  object space 21504K, 27% used [0x00000000b5a00000,0x00000000b5fcc210,0x00000000b6f00000)
}
Event: 2.594 GC heap before
{Heap before GC invocations=3 (full 0):
 PSYoungGen      total 27648K, used 27424K [0x00000000eaa80000, 0x00000000ec900000, 0x0000000100000000)
  eden space 24064K, 99% used [0x00000000eaa80000,0x00000000ec1cfd58,0x00000000ec200000)
  from space 3584K, 99% used [0x00000000ec580000,0x00000000ec8f8670,0x00000000ec900000)
  to   space 3584K, 0% used [0x00000000ec200000,0x00000000ec200000,0x00000000ec580000)
 ParOldGen       total 61952K, used 5918K [0x00000000c0000000, 0x00000000c3c80000, 0x00000000eaa80000)
  object space 61952K, 9% used [0x00000000c0000000,0x00000000c05c7998,0x00000000c3c80000)
 PSPermGen       total 21504K, used 7250K [0x00000000b5a00000, 0x00000000b6f00000, 0x00000000c0000000)
  object space 21504K, 33% used [0x00000000b5a00000,0x00000000b6114908,0x00000000b6f00000)
Event: 2.600 GC heap after
Heap after GC invocations=3 (full 0):
 PSYoungGen      total 27648K, used 3552K [0x00000000eaa80000, 0x00000000ec900000, 0x0000000100000000)
  eden space 24064K, 0% used [0x00000000eaa80000,0x00000000eaa80000,0x00000000ec200000)
  from space 3584K, 99% used [0x00000000ec200000,0x00000000ec5781b8,0x00000000ec580000)
  to   space 3584K, 0% used [0x00000000ec580000,0x00000000ec580000,0x00000000ec900000)
 ParOldGen       total 61952K, used 7971K [0x00000000c0000000, 0x00000000c3c80000, 0x00000000eaa80000)
  object space 61952K, 12% used [0x00000000c0000000,0x00000000c07c8c40,0x00000000c3c80000)
 PSPermGen       total 21504K, used 7250K [0x00000000b5a00000, 0x00000000b6f00000, 0x00000000c0000000)
  object space 21504K, 33% used [0x00000000b5a00000,0x00000000b6114908,0x00000000b6f00000)
}
Event: 2.786 GC heap before
{Heap before GC invocations=4 (full 0):
 PSYoungGen      total 27648K, used 27616K [0x00000000eaa80000, 0x00000000ec900000, 0x0000000100000000)
  eden space 24064K, 100% used [0x00000000eaa80000,0x00000000ec200000,0x00000000ec200000)
  from space 3584K, 99% used [0x00000000ec200000,0x00000000ec5781b8,0x00000000ec580000)
  to   space 3584K, 0% used [0x00000000ec580000,0x00000000ec580000,0x00000000ec900000)
 ParOldGen       total 61952K, used 7971K [0x00000000c0000000, 0x00000000c3c80000, 0x00000000eaa80000)
  object space 61952K, 12% used [0x00000000c0000000,0x00000000c07c8c40,0x00000000c3c80000)
 PSPermGen       total 21504K, used 7281K [0x00000000b5a00000, 0x00000000b6f00000, 0x00000000c0000000)
  object space 21504K, 33% used [0x00000000b5a00000,0x00000000b611c600,0x00000000b6f00000)
Event: 2.792 GC heap after
Heap after GC invocations=4 (full 0):
 PSYoungGen      total 27648K, used 3553K [0x00000000eaa80000, 0x00000000ee080000, 0x0000000100000000)
  eden space 24064K, 0% used [0x00000000eaa80000,0x00000000eaa80000,0x00000000ec200000)
  from space 3584K, 99% used [0x00000000ec580000,0x00000000ec8f87d8,0x00000000ec900000)
  to   space 3584K, 0% used [0x00000000ec200000,0x00000000ec200000,0x00000000ec580000)
 ParOldGen       total 61952K, used 10159K [0x00000000c0000000, 0x00000000c3c80000, 0x00000000eaa80000)
  object space 61952K, 16% used [0x00000000c0000000,0x00000000c09ebd58,0x00000000c3c80000)
 PSPermGen       total 21504K, used 7281K [0x00000000b5a00000, 0x00000000b6f00000, 0x00000000c0000000)
  object space 21504K, 33% used [0x00000000b5a00000,0x00000000b611c600,0x00000000b6f00000)
}
Event: 2.907 GC heap before
{Heap before GC invocations=5 (full 0):
 PSYoungGen      total 27648K, used 27617K [0x00000000eaa80000, 0x00000000ee080000, 0x0000000100000000)
  eden space 24064K, 100% used [0x00000000eaa80000,0x00000000ec200000,0x00000000ec200000)
  from space 3584K, 99% used [0x00000000ec580000,0x00000000ec8f87d8,0x00000000ec900000)
  to   space 3584K, 0% used [0x00000000ec200000,0x00000000ec200000,0x00000000ec580000)
 ParOldGen       total 61952K, used 10159K [0x00000000c0000000, 0x00000000c3c80000, 0x00000000eaa80000)
  object space 61952K, 16% used [0x00000000c0000000,0x00000000c09ebd58,0x00000000c3c80000)
 PSPermGen       total 21504K, used 7297K [0x00000000b5a00000, 0x00000000b6f00000, 0x00000000c0000000)
  object space 21504K, 33% used [0x00000000b5a00000,0x00000000b61204b8,0x00000000b6f00000)
Event: 2.912 GC heap after
Heap after GC invocations=5 (full 0):
 PSYoungGen      total 27648K, used 3573K [0x00000000eaa80000, 0x00000000eee80000, 0x0000000100000000)
  eden space 24064K, 0% used [0x00000000eaa80000,0x00000000eaa80000,0x00000000ec200000)
  from space 3584K, 99% used [0x00000000ec200000,0x00000000ec57d7b0,0x00000000ec580000)
  to   space 10752K, 0% used [0x00000000ee400000,0x00000000ee400000,0x00000000eee80000)
 ParOldGen       total 61952K, used 18285K [0x00000000c0000000, 0x00000000c3c80000, 0x00000000eaa80000)
  object space 61952K, 29% used [0x00000000c0000000,0x00000000c11db708,0x00000000c3c80000)
 PSPermGen       total 21504K, used 7297K [0x00000000b5a00000, 0x00000000b6f00000, 0x00000000c0000000)
  object space 21504K, 33% used [0x00000000b5a00000,0x00000000b61204b8,0x00000000b6f00000)
}
Event: 2.998 GC heap before
{Heap before GC invocations=6 (full 0):
 PSYoungGen      total 27648K, used 27637K [0x00000000eaa80000, 0x00000000eee80000, 0x0000000100000000)
  eden space 24064K, 100% used [0x00000000eaa80000,0x00000000ec200000,0x00000000ec200000)
  from space 3584K, 99% used [0x00000000ec200000,0x00000000ec57d7b0,0x00000000ec580000)
  to   space 10752K, 0% used [0x00000000ee400000,0x00000000ee400000,0x00000000eee80000)
 ParOldGen       total 61952K, used 18285K [0x00000000c0000000, 0x00000000c3c80000, 0x00000000eaa80000)
  object space 61952K, 29% used [0x00000000c0000000,0x00000000c11db708,0x00000000c3c80000)
 PSPermGen       total 21504K, used 7309K [0x00000000b5a00000, 0x00000000b6f00000, 0x00000000c0000000)
  object space 21504K, 33% used [0x00000000b5a00000,0x00000000b6123448,0x00000000b6f00000)
Event: 3.009 GC heap after
Heap after GC invocations=6 (full 0):
 PSYoungGen      total 58368K, used 8786K [0x00000000eaa80000, 0x00000000eef80000, 0x0000000100000000)
  eden space 47616K, 0% used [0x00000000eaa80000,0x00000000eaa80000,0x00000000ed900000)
  from space 10752K, 81% used [0x00000000ee400000,0x00000000eec94b10,0x00000000eee80000)
  to   space 11264K, 0% used [0x00000000ed900000,0x00000000ed900000,0x00000000ee400000)
 ParOldGen       total 61952K, used 18285K [0x00000000c0000000, 0x00000000c3c80000, 0x00000000eaa80000)
  object space 61952K, 29% used [0x00000000c0000000,0x00000000c11db708,0x00000000c3c80000)
 PSPermGen       total 21504K, used 7309K [0x00000000b5a00000, 0x00000000b6f00000, 0x00000000c0000000)
  object space 21504K, 33% used [0x00000000b5a00000,0x00000000b6123448,0x00000000b6f00000)
}
Event: 3.160 GC heap before
{Heap before GC invocations=7 (full 0):
 PSYoungGen      total 58368K, used 56402K [0x00000000eaa80000, 0x00000000eef80000, 0x0000000100000000)
  eden space 47616K, 100% used [0x00000000eaa80000,0x00000000ed900000,0x00000000ed900000)
  from space 10752K, 81% used [0x00000000ee400000,0x00000000eec94b10,0x00000000eee80000)
  to   space 11264K, 0% used [0x00000000ed900000,0x00000000ed900000,0x00000000ee400000)
 ParOldGen       total 61952K, used 18285K [0x00000000c0000000, 0x00000000c3c80000, 0x00000000eaa80000)
  object space 61952K, 29% used [0x00000000c0000000,0x00000000c11db708,0x00000000c3c80000)
 PSPermGen       total 21504K, used 7317K [0x00000000b5a00000, 0x00000000b6f00000, 0x00000000c0000000)
  object space 21504K, 34% used [0x00000000b5a00000,0x00000000b6125400,0x00000000b6f00000)

